<?xml version="1.0" encoding="UTF-8"?>
<!-- Generated by org.testng.reporters.JUnitReportReporter -->
<testsuite hostname="WBOX62" failures="0" tests="1" name="ImageConvert.ImageToJsonTest" time="10.003" errors="0" timestamp="06 Aug 2024 05:55:21 GMT" skipped="0">
  <testcase classname="ImageConvert.ImageToJsonTest" name="testExtractedTextFromImage" time="10.003"/>
</testsuite> <!-- ImageConvert.ImageToJsonTest -->
