<?xml version="1.0" encoding="UTF-8"?>
<!-- Generated by org.testng.reporters.JUnitReportReporter -->
<testsuite hostname="WBOX62" failures="0" tests="1" name="ImageConvert.ImageToJsonTestVideo" time="5.844" errors="0" timestamp="06 Aug 2024 07:10:12 GMT" skipped="0">
  <testcase classname="ImageConvert.ImageToJsonTestVideo" name="testExtractedTextFromFrame" time="5.844"/>
</testsuite> <!-- ImageConvert.ImageToJsonTestVideo -->
